android/app/build/outputs/mapping/release/seeds.txt
com.example.pola.MainActivity
com.example.pola.MainActivity: MainActivity()
...
androidx.core.graphics.drawable.DrawableCompat$Api21Impl: void setTintMode(android.graphics.drawable.Drawable,android.graphics.PorterDuff$Mode)
androidx.appcompat.widget.ActionBarOverlayLayout: void setLogo(int)
com.google.android.material.button.MaterialButton: android.content.res.ColorStateList getIconTint()
androidx.window.layout.FoldingFeature$Orientation: FoldingFeature$Orientation(java.lang.String)
androidx.core.view.MenuItemCompat$Api26Impl: android.view.MenuItem setTooltipText(android.view.MenuItem,java.lang.CharSequence)
com.google.android.material.card.MaterialCardView: android.content.res.ColorStateList getCheckedIconTint()
androidx.window.embedding.SplitRuleParser: androidx.window.embedding.SplitPairRule parseSplitPairRule(android.content.Context,android.content.res.XmlResourceParser)
androidx.arch.core.executor.ArchTaskExecutor: ArchTaskExecutor()
androidx.core.view.ViewCompat$Api28Impl: void addOnUnhandledKeyEventListener(android.view.View,androidx.core.view.ViewCompat$OnUnhandledKeyEventListenerCompat)
com.google.android.material.snackbar.BaseTransientBottomBar$Behavior: BaseTransientBottomBar$Behavior()
androidx.appcompat.widget.AppCompatImageView: void setImageBitmap(android.graphics.Bitmap)
io.flutter.embedding.engine.FlutterJNI: void ensureRunningOnMainThread()
com.google.android.material.button.MaterialButton: void setElevation(float)
io.flutter.plugins.imagepicker.Messages$CacheRetrievalResult: Messages$CacheRetrievalResult()
androidx.appcompat.widget.LinearLayoutCompat: int getBaselineAlignedChildIndex()
com.google.android.gms.internal.mlkit_vision_barcode_bundled.zzic: zzic()
com.google.android.material.chip.Chip: void setLayoutDirection(int)
androidx.coordinatorlayout.widget.CoordinatorLayout: void setVisibility(int)
io.flutter.embedding.engine.FlutterJNI: void nativeScheduleFrame(long)
kotlin.jvm.internal.FunctionReferenceImpl: FunctionReferenceImpl(int,java.lang.Object,java.lang.Class,java.lang.String,java.lang.String,int)
androidx.window.layout.WindowInfoTracker$-CC: androidx.window.layout.WindowInfoTracker getOrCreate(android.content.Context)
androidx.constraintlayout.motion.widget.MotionLayout$TransitionState: androidx.constraintlayout.motion.widget.MotionLayout$TransitionState[] values()
androidx.window.layout.WindowBackend: void unregisterLayoutChangeCallback(androidx.core.util.Consumer)
kotlinx.coroutines.android.HandlerDispatcher: HandlerDispatcher()
androidx.vectordrawable.graphics.drawable.VectorDrawableCompat$VGroup: float getRotation()
com.google.android.datatransport.runtime.scheduling.jobscheduling.JobInfoSchedulerService: JobInfoSchedulerService()
com.google.android.gms.internal.mlkit_vision_barcode_bundled.zzjj: zzjj()
androidx.appcompat.widget.Toolbar: int getCurrentContentInsetLeft()
androidx.core.location.LocationCompat$Api26Impl: boolean hasSpeedAccuracy(android.location.Location)
com.google.android.material.chip.Chip: android.content.res.ColorStateList getChipStrokeColor()
com.google.android.material.circularreveal.CircularRevealFrameLayout: android.graphics.drawable.Drawable getCircularRevealOverlayDrawable()
androidx.window.layout.WindowMetricsCalculatorCompat: android.graphics.Rect computeWindowBoundsQ$window_release(android.app.Activity)
io.flutter.view.TextureRegistry$SurfaceTextureEntry$-CC: void $default$setOnFrameConsumedListener(io.flutter.view.TextureRegistry$SurfaceTextureEntry,io.flutter.view.TextureRegistry$OnFrameConsumedListener)
androidx.camera.camera2.internal.compat.quirk.SmallDisplaySizeQuirk: SmallDisplaySizeQuirk()
com.google.android.material.card.MaterialCardView: void setStrokeWidth(int)
androidx.appcompat.widget.AppCompatTextViewAutoSizeHelper$Impl: boolean isHorizontallyScrollable(android.widget.TextView)
kotlin.reflect.KVisibility: kotlin.reflect.KVisibility[] values()
androidx.core.app.AppOpsManagerCompat$Api23Impl: int noteProxyOp(android.app.AppOpsManager,java.lang.String,java.lang.String)