android/app/build/outputs/mapping/release/mapping.txt
# compiler: R8
# compiler_version: 3.3.70
# min_api: 21
# common_typos_disable
# {"id":"com.android.tools.r8.mapping","version":"2.0"}
# pg_map_id: b76deb9
# pg_map_hash: SHA-256 b76deb9f7649554c1504aa6864198dcf9f309aef3c92680b06d823a45d6185b0
...
io.flutter.plugins.googlemaps.Messages$PlatformCluster$Builder -> io.flutter.plugins.googlemaps.s$h$a:
    io.flutter.plugins.googlemaps.Messages$PlatformLatLngBounds bounds -> c
    java.util.List markerIds -> d
    java.lang.String clusterManagerId -> a
    io.flutter.plugins.googlemaps.Messages$PlatformLatLng position -> b
    io.flutter.plugins.googlemaps.Messages$PlatformCluster build() -> a
    io.flutter.plugins.googlemaps.Messages$PlatformCluster$Builder setBounds(io.flutter.plugins.googlemaps.Messages$PlatformLatLngBounds) -> b
    io.flutter.plugins.googlemaps.Messages$PlatformCluster$Builder setClusterManagerId(java.lang.String) -> c
    io.flutter.plugins.googlemaps.Messages$PlatformCluster$Builder setMarkerIds(java.util.List) -> d
    io.flutter.plugins.googlemaps.Messages$PlatformCluster$Builder setPosition(io.flutter.plugins.googlemaps.Messages$PlatformLatLng) -> e
io.flutter.plugins.googlemaps.Messages$PlatformClusterManager -> io.flutter.plugins.googlemaps.s$i:
    java.lang.String identifier -> a
    io.flutter.plugins.googlemaps.Messages$PlatformClusterManager fromList(java.util.ArrayList) -> a
    java.lang.String getIdentifier() -> b
    void setIdentifier(java.lang.String) -> c
    java.util.ArrayList toList() -> d
io.flutter.plugins.googlemaps.Messages$PlatformLatLng -> io.flutter.plugins.googlemaps.s$j:
    java.lang.Double longitude -> b
    java.lang.Double latitude -> a
    io.flutter.plugins.googlemaps.Messages$PlatformLatLng fromList(java.util.ArrayList) -> a
    java.lang.Double getLatitude() -> b
    java.lang.Double getLongitude() -> c
    void setLatitude(java.lang.Double) -> d
    void setLongitude(java.lang.Double) -> e
    java.util.ArrayList toList() -> f
io.flutter.plugins.googlemaps.Messages$PlatformLatLng$Builder -> io.flutter.plugins.googlemaps.s$j$a:
    java.lang.Double longitude -> b
    java.lang.Double latitude -> a
    io.flutter.plugins.googlemaps.Messages$PlatformLatLng build() -> a
    io.flutter.plugins.googlemaps.Messages$PlatformLatLng$Builder setLatitude(java.lang.Double) -> b
    io.flutter.plugins.googlemaps.Messages$PlatformLatLng$Builder setLongitude(java.lang.Double) -> c
io.flutter.plugins.googlemaps.Messages$PlatformLatLngBounds -> io.flutter.plugins.googlemaps.s$k:
    io.flutter.plugins.googlemaps.Messages$PlatformLatLng northeast -> a
    io.flutter.plugins.googlemaps.Messages$PlatformLatLng southwest -> b
    io.flutter.plugins.googlemaps.Messages$PlatformLatLngBounds fromList(java.util.ArrayList) -> a
    void setNortheast(io.flutter.plugins.googlemaps.Messages$PlatformLatLng) -> b
    void setSouthwest(io.flutter.plugins.googlemaps.Messages$PlatformLatLng) -> c
    java.util.ArrayList toList() -> d
io.flutter.plugins.googlemaps.Messages$PlatformLatLngBounds$Builder -> io.flutter.plugins.googlemaps.s$k$a:
    io.flutter.plugins.googlemaps.Messages$PlatformLatLng northeast -> a
    io.flutter.plugins.googlemaps.Messages$PlatformLatLng southwest -> b
    io.flutter.plugins.googlemaps.Messages$PlatformLatLngBounds build() -> a
    io.flutter.plugins.googlemaps.Messages$PlatformLatLngBounds$Builder setNortheast(io.flutter.plugins.googlemaps.Messages$PlatformLatLng) -> b
    io.flutter.plugins.googlemaps.Messages$PlatformLatLngBounds$Builder setSouthwest(io.flutter.plugins.googlemaps.Messages$PlatformLatLng) -> c
io.flutter.plugins.googlemaps.Messages$PlatformMapConfiguration -> io.flutter.plugins.googlemaps.s$l:
    java.lang.Object json -> a
    io.flutter.plugins.googlemaps.Messages$PlatformMapConfiguration fromList(java.util.ArrayList) -> a
    java.lang.Object getJson() -> b
    void setJson(java.lang.Object) -> c
    java.util.ArrayList toList() -> d