android/app/build/outputs/mapping/release/usage.txt
com.example.pola.BuildConfig
com.example.pola.R$anim
com.example.pola.R$animator
com.example.pola.R$attr
com.example.pola.R$bool
com.example.pola.R$color
com.example.pola.R$dimen
com.example.pola.R$drawable
com.example.pola.R$id
com.example.pola.R$integer
com.example.pola.R$interpolator
com.example.pola.R$layout
com.example.pola.R$mipmap
com.example.pola.R$plurals
com.example.pola.R$string
com.example.pola.R$style
com.example.pola.R$styleable
com.example.pola.R$xml
com.example.pola.R
...
kotlinx.coroutines.channels.BroadcastChannelImpl$SubscriberBuffered
kotlinx.coroutines.channels.BroadcastChannelImpl$SubscriberConflated
kotlinx.coroutines.channels.BroadcastChannelImpl$registerSelectForSend$2
kotlinx.coroutines.channels.BroadcastChannelImpl$send$1
kotlinx.coroutines.channels.BroadcastChannelImpl
kotlinx.coroutines.channels.BroadcastChannelKt
kotlinx.coroutines.channels.BroadcastCoroutine
kotlinx.coroutines.channels.BroadcastKt$broadcast$$inlined$CoroutineExceptionHandler$1
kotlinx.coroutines.channels.BroadcastKt$broadcast$1
kotlinx.coroutines.channels.BroadcastKt$broadcast$2
kotlinx.coroutines.channels.BroadcastKt
kotlinx.coroutines.channels.BufferedChannel$BufferedChannelIterator:
    public static final synthetic java.lang.Object access$hasNextOnNoWaiterSuspend(kotlinx.coroutines.channels.BufferedChannel$BufferedChannelIterator,kotlinx.coroutines.channels.ChannelSegment,int,long,kotlin.coroutines.Continuation)
    public synthetic java.lang.Object next(kotlin.coroutines.Continuation)
kotlinx.coroutines.channels.BufferedChannel$SendBroadcast:
    public void <init>(kotlinx.coroutines.CancellableContinuation)
kotlinx.coroutines.channels.BufferedChannel$onReceive$1
kotlinx.coroutines.channels.BufferedChannel$onReceive$2
kotlinx.coroutines.channels.BufferedChannel$onReceiveCatching$1
kotlinx.coroutines.channels.BufferedChannel$onReceiveCatching$2
kotlinx.coroutines.channels.BufferedChannel$onReceiveOrNull$1
kotlinx.coroutines.channels.BufferedChannel$onReceiveOrNull$2
kotlinx.coroutines.channels.BufferedChannel$onSend$1
kotlinx.coroutines.channels.BufferedChannel$onSend$2
kotlinx.coroutines.channels.BufferedChannel$receiveCatching$1
kotlinx.coroutines.channels.BufferedChannel$receiveCatchingOnNoWaiterSuspend$1
kotlinx.coroutines.channels.BufferedChannel$receiveImpl$1
kotlinx.coroutines.channels.BufferedChannel$sendImpl$1
kotlinx.coroutines.channels.BufferedChannel:
    public synthetic void <init>(int,kotlin.jvm.functions.Function1,int,kotlin.jvm.internal.DefaultConstructorMarker)
    public static final synthetic void access$onClosedReceiveCatchingOnNoWaiterSuspend(kotlinx.coroutines.channels.BufferedChannel,kotlinx.coroutines.CancellableContinuation)
    public static final synthetic void access$onClosedReceiveOnNoWaiterSuspend(kotlinx.coroutines.channels.BufferedChannel,kotlinx.coroutines.CancellableContinuation)
    public static final synthetic java.lang.Object access$onClosedSend(kotlinx.coroutines.channels.BufferedChannel,java.lang.Object,kotlin.coroutines.Continuation)
    public static final synthetic void access$onClosedSendOnNoWaiterSuspend(kotlinx.coroutines.channels.BufferedChannel,java.lang.Object,kotlinx.coroutines.CancellableContinuation)
    public static final synthetic java.lang.Object access$processResultSelectReceive(kotlinx.coroutines.channels.BufferedChannel,java.lang.Object,java.lang.Object)
    public static final synthetic java.lang.Object access$processResultSelectReceiveCatching(kotlinx.coroutines.channels.BufferedChannel,java.lang.Object,java.lang.Object)
    public static final synthetic java.lang.Object access$processResultSelectReceiveOrNull(kotlinx.coroutines.channels.BufferedChannel,java.lang.Object,java.lang.Object)